[ 2015-12-21T22:28:26+08:00 ] 14.131.226.130 /index.php?s=/Admin/Update/delcache.html
NOTIC: [8] Undefined index: uid /home/www/default/ThinkPHP/Library/Think/Controller.class.php 第 507 行.
SQL: SELECT * FROM `wp_addons` WHERE `status` = 1  [ RunTime:0.0008s ]
NOTIC: [8] Undefined variable: addons /home/www/default/Application/Common/Common/function.php 第 473 行.
NOTIC: [8] Undefined variable: addons /home/www/default/Application/Common/Common/function.php 第 473 行.
NOTIC: [8] Undefined variable: addons /home/www/default/Application/Common/Common/function.php 第 473 行.
NOTIC: [8] Undefined variable: addons /home/www/default/Application/Common/Common/function.php 第 473 行.
NOTIC: [8] Undefined variable: addons /home/www/default/Application/Common/Common/function.php 第 473 行.
NOTIC: [8] Undefined variable: addons /home/www/default/Application/Common/Common/function.php 第 473 行.
SQL: SELECT * FROM `wp_manager_menu` WHERE `uid` = 1 ORDER BY sort asc, id asc  [ RunTime:0.0009s ]
NOTIC: [8] Undefined variable: res /home/www/default/Application/Common/Model/ManagerMenuModel.class.php 第 73 行.
NOTIC: [8] Undefined index: core_side_menu /home/www/default/Application/Common/Model/ManagerMenuModel.class.php 第 83 行.
NOTIC: [8] Undefined index: core_side_menu /home/www/default/Application/Common/Model/ManagerMenuModel.class.php 第 73 行.
NOTIC: [8] Undefined index: core_side_menu /home/www/default/Application/Common/Model/ManagerMenuModel.class.php 第 83 行.
NOTIC: [8] Undefined index: core_side_menu /home/www/default/Application/Common/Model/ManagerMenuModel.class.php 第 73 行.
NOTIC: [8] Undefined index: core_side_menu /home/www/default/Application/Common/Model/ManagerMenuModel.class.php 第 83 行.
NOTIC: [8] Undefined index: core_side_menu /home/www/default/Application/Common/Model/ManagerMenuModel.class.php 第 73 行.
NOTIC: [8] Undefined index: core_side_menu /home/www/default/Application/Common/Model/ManagerMenuModel.class.php 第 83 行.
NOTIC: [2] Invalid argument supplied for foreach() /home/www/default/Application/Common/Model/ManagerMenuModel.class.php 第 143 行.
SQL: SELECT `id`,`title` FROM `wp_addons` WHERE `type` = 0  [ RunTime:0.0006s ]
SQL: UPDATE `wp_attribute` SET `extra`='1:欢迎语
2:自动回复
3:自定义菜单
4:微官网
136:微信用户中心
' WHERE `name` = 'addon_status' [ RunTime:0.0033s ]
SQL: SELECT `id`,`title`,`url` FROM `wp_menu` WHERE `pid` = 0 AND `hide` = 0 AND `is_dev` = 0 ORDER BY sort asc  [ RunTime:0.0008s ]
SQL: SELECT `pid` FROM `wp_menu` WHERE ( pid !=0 AND url like '%Update/delcache%' ) LIMIT 1   [ RunTime:0.0007s ]
SQL: SELECT * FROM `wp_menu` WHERE `id` = 68 LIMIT 1   [ RunTime:0.0007s ]
SQL: SELECT DISTINCT  `group` FROM `wp_menu` WHERE `group` <> '' AND `pid` = 68  [ RunTime:0.0008s ]
SQL: SELECT `id`,`url` FROM `wp_menu` WHERE `pid` = 68 AND `hide` = 0 AND `is_dev` = 0  [ RunTime:0.0007s ]
SQL: SELECT `id`,`pid`,`title`,`url`,`tip` FROM `wp_menu` WHERE `group` = '系统设置' AND `pid` = 68 AND `hide` = 0 AND `is_dev` = 0 ORDER BY sort asc  [ RunTime:0.0008s ]
SQL: SELECT `id`,`pid`,`title`,`url`,`tip` FROM `wp_menu` WHERE `group` = '数据备份' AND `pid` = 68 AND `hide` = 0 AND `is_dev` = 0 ORDER BY sort asc  [ RunTime:0.0008s ]
INFO: [ view_parse ] --START--
INFO: [ template_filter ] --START--
INFO: Run Behavior\ContentReplaceBehavior [ RunTime:0.000148s ]
INFO: [ template_filter ] --END-- [ RunTime:0.000222s ]
NOTIC: [8] Undefined variable: meta_title /home/www/default/Runtime/Cache/Admin/7448bc5b6c7ede42a8f022f98e8cc17b.php 第 5 行.
SQL: SELECT * FROM `wp_user` WHERE `uid` = 1 LIMIT 1   [ RunTime:0.0011s ]
SQL: SHOW COLUMNS FROM `wp_manager` [ RunTime:0.0020s ]
SQL: SELECT `uid`,`has_public`,`headface_url`,`GammaAppId`,`GammaSecret`,`copy_right`,`tongji_code`,`website_logo` FROM `wp_manager` WHERE ( uid='1' ) LIMIT 1   [ RunTime:0.0006s ]
SQL: SHOW COLUMNS FROM `wp_auth_group_access` [ RunTime:0.0014s ]
SQL: SELECT a.group_id,g.title,g.type,g.icon FROM wp_auth_group_access a INNER JOIN wp_auth_group g on a.group_id=g.id  WHERE ( a.uid='1' and g.status='1' )  [ RunTime:0.0007s ]
SQL: SHOW COLUMNS FROM `wp_public_follow` [ RunTime:0.0015s ]
SQL: SELECT `openid`,`token` FROM `wp_public_follow` WHERE ( uid='1' )  [ RunTime:0.0007s ]
NOTIC: [2] Invalid argument supplied for foreach() /home/www/default/Application/Common/Model/UserModel.class.php 第 280 行.
NOTIC: [8] Undefined index:  /home/www/default/Application/Common/Model/UserModel.class.php 第 293 行.
NOTIC: [2] file_put_contents(./Runtime/Temp/default_931b5b3cad55d64c859ac8fe37543b59.php): failed to open stream: No such file or directory /home/www/default/ThinkPHP/Library/Think/Cache/Driver/File.class.php 第 137 行.
SQL: SELECT * FROM `wp_user` WHERE `uid` = 1 LIMIT 1   [ RunTime:0.0006s ]
SQL: SELECT `uid`,`has_public`,`headface_url`,`GammaAppId`,`GammaSecret`,`copy_right`,`tongji_code`,`website_logo` FROM `wp_manager` WHERE ( uid='1' ) LIMIT 1   [ RunTime:0.0005s ]
SQL: SHOW COLUMNS FROM `wp_auth_group_access` [ RunTime:0.0015s ]
SQL: SELECT a.group_id,g.title,g.type,g.icon FROM wp_auth_group_access a INNER JOIN wp_auth_group g on a.group_id=g.id  WHERE ( a.uid='1' and g.status='1' )  [ RunTime:0.0006s ]
SQL: SELECT `openid`,`token` FROM `wp_public_follow` WHERE ( uid='1' )  [ RunTime:0.0005s ]
NOTIC: [2] Invalid argument supplied for foreach() /home/www/default/Application/Common/Model/UserModel.class.php 第 280 行.
NOTIC: [8] Undefined index:  /home/www/default/Application/Common/Model/UserModel.class.php 第 293 行.
NOTIC: [2] file_put_contents(./Runtime/Temp/default_931b5b3cad55d64c859ac8fe37543b59.php): failed to open stream: No such file or directory /home/www/default/ThinkPHP/Library/Think/Cache/Driver/File.class.php 第 137 行.
INFO: Run Behavior\ParseTemplateBehavior [ RunTime:0.029976s ]
INFO: [ view_parse ] --END-- [ RunTime:0.030046s ]
INFO: [ view_filter ] --START--
INFO: Run Behavior\WriteHtmlCacheBehavior [ RunTime:0.000143s ]
INFO: [ view_filter ] --END-- [ RunTime:0.000208s ]
INFO: [ app_end ] --START--
INFO: Run Behavior\ShowPageTraceBehavior [ RunTime:0.000396s ]
INFO: [ app_end ] --END-- [ RunTime:0.000460s ]

